<?xml version="1.0" encoding="UTF-8"?>
<!-- Generated by org.testng.reporters.JUnitReportReporter -->
<testsuite hostname="LAPTOP-H7R7DK85" failures="0" tests="1" name="chromeOptions.Test0" time="11.176" errors="0" timestamp="2022-10-03T06:47:24 IST" skipped="0">
  <testcase classname="chromeOptions.Test0" name="tc0" time="11.176"/>
  <system-out/>
</testsuite> <!-- chromeOptions.Test0 -->
