<?xml version="1.0" encoding="UTF-8"?>
<!-- Generated by org.testng.reporters.JUnitReportReporter -->
<testsuite hostname="LAPTOP-H7R7DK85" failures="0" tests="1" name="actions.RightClick" time="8.931" errors="0" timestamp="2022-10-04T20:32:25 IST" skipped="0">
  <testcase classname="actions.RightClick" name="dragDrop" time="8.931"/>
  <system-out/>
</testsuite> <!-- actions.RightClick -->
