<?xml version="1.0" encoding="UTF-8"?>
<!-- Generated by org.testng.reporters.JUnitReportReporter -->
<testsuite hostname="LAPTOP-H7R7DK85" failures="0" tests="1" name="datadriventesting.DDTUsingXml" time="9.538" errors="0" timestamp="2022-10-05T07:37:36 IST" skipped="0">
  <testcase classname="datadriventesting.DDTUsingXml" name="demo" time="9.538"/>
  <system-out/>
</testsuite> <!-- datadriventesting.DDTUsingXml -->
