<?xml version="1.0" encoding="UTF-8"?>
<!-- Generated by org.testng.reporters.JUnitReportReporter -->
<testsuite hostname="LAPTOP-H7R7DK85" failures="0" tests="2" name="scripts.Test3" time="0.020" errors="0" timestamp="2022-09-15T20:18:21 IST" skipped="0">
  <testcase classname="scripts.Test3" name="tc1" time="0.018"/>
  <system-out>
Hello Python Selenium  </system-out>
  <testcase classname="scripts.Test3" name="tc1" time="0.002"/>
  <system-out>
Hello Python Selenium  </system-out>
</testsuite> <!-- scripts.Test3 -->
