<?xml version="1.0" encoding="UTF-8"?>
<!-- Generated by org.testng.reporters.JUnitReportReporter -->
<testsuite hostname="LAPTOP-H7R7DK85" failures="0" tests="1" name="actions.DragAndDrop" time="10.546" errors="0" timestamp="2022-10-04T20:14:21 IST" skipped="0">
  <testcase classname="actions.DragAndDrop" name="dragDrop" time="10.546"/>
  <system-out/>
</testsuite> <!-- actions.DragAndDrop -->
