<?xml version="1.0" encoding="UTF-8"?>
<!-- Generated by org.testng.reporters.JUnitReportReporter -->
<testsuite hostname="LAPTOP-H7R7DK85" failures="0" tests="1" name="synchronization.Test1" time="24.845" errors="0" timestamp="2022-09-26T21:47:41 IST" skipped="0">
  <testcase classname="synchronization.Test1" name="demo" time="24.845"/>
  <system-out/>
</testsuite> <!-- synchronization.Test1 -->
