<?xml version="1.0" encoding="UTF-8"?>
<!-- Generated by org.testng.reporters.JUnitReportReporter -->
<testsuite hostname="LAPTOP-H7R7DK85" failures="0" tests="1" name="javascriptexecutor.Test1" time="12.958" errors="0" timestamp="2022-10-03T06:02:41 IST" skipped="0">
  <testcase classname="javascriptexecutor.Test1" name="tc" time="12.958"/>
  <system-out/>
</testsuite> <!-- javascriptexecutor.Test1 -->
