<?xml version="1.0" encoding="UTF-8"?>
<!-- Generated by org.testng.reporters.JUnitReportReporter -->
<testsuite hostname="LAPTOP-H7R7DK85" failures="0" tests="1" name="testNG.Facebook1Test" time="4.452" errors="0" timestamp="2022-10-05T14:41:22 IST" skipped="0">
  <testcase classname="testNG.Facebook1Test" name="test1" time="4.452"/>
  <system-out/>
</testsuite> <!-- testNG.Facebook1Test -->
