<?xml version="1.0" encoding="UTF-8"?>
<!-- Generated by org.testng.reporters.JUnitReportReporter -->
<testsuite hostname="LAPTOP-H7R7DK85" failures="0" tests="1" name="chromeOptions.MaximizeMode" time="7.903" errors="0" timestamp="2022-10-03T06:53:41 IST" skipped="0">
  <testcase classname="chromeOptions.MaximizeMode" name="tc0" time="7.903"/>
  <system-out/>
</testsuite> <!-- chromeOptions.MaximizeMode -->
