<?xml version="1.0" encoding="UTF-8"?>
<!-- Generated by org.testng.reporters.JUnitReportReporter -->
<testsuite hostname="LAPTOP-H7R7DK85" failures="0" tests="2" name="scripts.Test1" time="0.022" errors="0" timestamp="2022-09-15T20:18:21 IST" skipped="0">
  <testcase classname="scripts.Test1" name="tc2" time="0.018"/>
  <system-out>
Hello Python  </system-out>
  <testcase classname="scripts.Test1" name="tc2" time="0.004"/>
  <system-out>
Hello Python  </system-out>
</testsuite> <!-- scripts.Test1 -->
