<?xml version="1.0" encoding="UTF-8"?>
<!-- Generated by org.testng.reporters.JUnitReportReporter -->
<testsuite hostname="LAPTOP-H7R7DK85" failures="0" tests="1" name="synchronization.Test0" time="42.136" errors="0" timestamp="2022-09-21T19:49:49 IST" skipped="0">
  <testcase classname="synchronization.Test0" name="demo" time="42.136"/>
  <system-out/>
</testsuite> <!-- synchronization.Test0 -->
