<?xml version="1.0" encoding="UTF-8"?>
<!-- Generated by org.testng.reporters.JUnitReportReporter -->
<testsuite hostname="LAPTOP-H7R7DK85" failures="0" tests="2" name="scripts.Test2" time="0.026" errors="0" timestamp="2022-09-15T20:18:21 IST" skipped="0">
  <testcase classname="scripts.Test2" name="tc3" time="0.018"/>
  <system-out>
Hello Java Selenium  </system-out>
  <testcase classname="scripts.Test2" name="tc3" time="0.008"/>
  <system-out>
Hello Java Selenium  </system-out>
</testsuite> <!-- scripts.Test2 -->
