<?xml version="1.0" encoding="UTF-8"?>
<!-- Generated by org.testng.reporters.JUnitReportReporter -->
<testsuite hostname="LAPTOP-H7R7DK85" failures="0" tests="2" name="scripts.Test0" time="0.019" errors="0" timestamp="2022-09-15T20:18:21 IST" skipped="0">
  <testcase classname="scripts.Test0" name="tc1" time="0.018"/>
  <system-out>
Hello Java  </system-out>
  <testcase classname="scripts.Test0" name="tc1" time="0.001"/>
  <system-out>
Hello Java  </system-out>
</testsuite> <!-- scripts.Test0 -->
