<?xml version="1.0" encoding="UTF-8"?>
<!-- Generated by org.testng.reporters.JUnitReportReporter -->
<testsuite hostname="LAPTOP-H7R7DK85" failures="0" tests="2" name="testNG.DemoTest" time="0.018" errors="0" timestamp="2022-10-05T15:21:42 IST" skipped="0">
  <testcase classname="testNG.DemoTest" name="searchCustomer" time="0.010"/>
  <system-out>
searchCustomer  </system-out>
  <testcase classname="testNG.DemoTest" name="createCustomer" time="0.008"/>
  <system-out>
createCustomer  </system-out>
</testsuite> <!-- testNG.DemoTest -->
