<?xml version="1.0" encoding="UTF-8"?>
<!-- Generated by org.testng.reporters.JUnitReportReporter -->
<testsuite hostname="LAPTOP-H7R7DK85" failures="0" tests="1" name="javascriptexecutor.Test0" time="30.513" errors="0" timestamp="2022-09-26T22:40:36 IST" skipped="0">
  <testcase classname="javascriptexecutor.Test0" name="tc" time="30.513"/>
  <system-out/>
</testsuite> <!-- javascriptexecutor.Test0 -->
