<?xml version="1.0" encoding="UTF-8"?>
<!-- Generated by org.testng.reporters.JUnitReportReporter -->
<testsuite hostname="LAPTOP-H7R7DK85" failures="0" tests="1" name="testNG.Facebook4Test" time="5.785" errors="0" timestamp="2022-10-05T14:41:21 IST" skipped="0">
  <testcase classname="testNG.Facebook4Test" name="test1" time="5.785"/>
  <system-out/>
</testsuite> <!-- testNG.Facebook4Test -->
