<?xml version="1.0" encoding="UTF-8"?>
<!-- Generated by org.testng.reporters.JUnitReportReporter -->
<testsuite hostname="LAPTOP-H7R7DK85" failures="0" tests="1" name="testNG.Facebook2Test" time="7.878" errors="0" timestamp="2022-10-05T14:41:22 IST" skipped="0">
  <testcase classname="testNG.Facebook2Test" name="test1" time="7.878"/>
  <system-out/>
</testsuite> <!-- testNG.Facebook2Test -->
