<?xml version="1.0" encoding="UTF-8"?>
<!-- Generated by org.testng.reporters.JUnitReportReporter -->
<testsuite hostname="LAPTOP-H7R7DK85" failures="0" tests="1" name="chromeOptions.IncognitoMode" time="18.234" errors="0" timestamp="2022-10-03T06:52:08 IST" skipped="0">
  <testcase classname="chromeOptions.IncognitoMode" name="tc0" time="18.234"/>
  <system-out/>
</testsuite> <!-- chromeOptions.IncognitoMode -->
