<?xml version="1.0" encoding="UTF-8"?>
<!-- Generated by org.testng.reporters.JUnitReportReporter -->
<testsuite hostname="LAPTOP-H7R7DK85" failures="0" tests="1" name="chromeOptions.headlessMode" time="13.728" errors="0" timestamp="2022-10-15T07:09:42 IST" skipped="0">
  <testcase classname="chromeOptions.headlessMode" name="tc0" time="13.728"/>
  <system-out/>
</testsuite> <!-- chromeOptions.headlessMode -->
