<?xml version="1.0" encoding="UTF-8"?>
<!-- Generated by org.testng.reporters.JUnitReportReporter -->
<testsuite hostname="LAPTOP-H7R7DK85" failures="0" tests="1" name="chromeOptions.DisableNotification" time="6.408" errors="0" timestamp="2022-10-03T06:55:51 IST" skipped="0">
  <testcase classname="chromeOptions.DisableNotification" name="tc0" time="6.408"/>
  <system-out/>
</testsuite> <!-- chromeOptions.DisableNotification -->
