<?xml version="1.0" encoding="UTF-8"?>
<!-- Generated by org.testng.reporters.JUnitReportReporter -->
<testsuite hostname="LAPTOP-H7R7DK85" failures="0" tests="1" name="javascriptexecutor.Test2" time="8.520" errors="0" timestamp="2022-10-03T06:44:01 IST" skipped="0">
  <testcase classname="javascriptexecutor.Test2" name="tc" time="8.520"/>
  <system-out/>
</testsuite> <!-- javascriptexecutor.Test2 -->
